app/build/intermediates/manifest_merge_blame_file/debug/manifest-merger-blame-debug-report.txt
1<?xml version="1.0" encoding="utf-8"?>
2<manifest xmlns:android="http://schemas.android.com/apk/res/android"
3    package="com.example.student.smartlighttest1"
4    android:versionCode="1"
5    android:versionName="1" >
6
7    <uses-sdk
8        android:minSdkVersion="15"
8-->src/main/AndroidManifest.xml
9        android:targetSdkVersion="28" />
9-->src/main/AndroidManifest.xml
10
11    <uses-permission android:name="android.permission.ACCESS_NETWORK_STATE" />
11-->src/main/AndroidManifest.xml:6:5-79
11-->src/main/AndroidManifest.xml:6:22-76
12    <uses-permission android:name="android.permission.ACCESS_WIFI_STATE" />
12-->src/main/AndroidManifest.xml:7:5-76
12-->src/main/AndroidManifest.xml:7:22-73
13    <uses-permission android:name="android.permission.INTERNET" />
13-->src/main/AndroidManifest.xml:8:5-67
13-->src/main/AndroidManifest.xml:8:22-64
14    <uses-permission android:name="android.permission.WRITE_EXTERNAL_STORAGE" />
14-->src/main/AndroidManifest.xml:9:5-81
14-->src/main/AndroidManifest.xml:9:22-78
15    <uses-permission android:name="android.permission.VIBRATE" />
15-->src/main/AndroidManifest.xml:10:5-66
15-->src/main/AndroidManifest.xml:10:22-63
16
17    <application
17-->src/main/AndroidManifest.xml:12:5-42:19
18        android:allowBackup="true"
18-->src/main/AndroidManifest.xml:13:9-35
19        android:appComponentFactory="android.support.v4.app.CoreComponentFactory"
19-->[com.android.support:support-compat:28.0.0] AndroidManifest.xml:22:18-91
20        android:debuggable="true"
21        android:icon="@drawable/scenario"
21-->src/main/AndroidManifest.xml:14:9-42
22        android:label="@string/app_name"
22-->src/main/AndroidManifest.xml:15:9-41
23        android:roundIcon="@drawable/scenario"
23-->src/main/AndroidManifest.xml:16:9-47
24        android:supportsRtl="true" >
24-->src/main/AndroidManifest.xml:17:9-35
25        <activity
25-->src/main/AndroidManifest.xml:19:9-23:59
26            android:name="com.example.student.smartlighttest1.activity_group"
26-->src/main/AndroidManifest.xml:20:13-43
27            android:label="@string/title_activity_group"
27-->src/main/AndroidManifest.xml:21:13-57
28            android:screenOrientation="landscape"
28-->src/main/AndroidManifest.xml:22:13-50
29            android:theme="@style/AppTheme.NoActionBar" />
29-->src/main/AndroidManifest.xml:23:13-56
30        <activity
30-->src/main/AndroidManifest.xml:24:9-27:72
31            android:name="com.example.student.smartlighttest1.Settimgs"
31-->src/main/AndroidManifest.xml:25:13-37
32            android:screenOrientation="portrait"
32-->src/main/AndroidManifest.xml:26:13-49
33            android:theme="@style/Theme.AppCompat.Light.NoActionBar" />
33-->src/main/AndroidManifest.xml:27:13-69
34        <activity
34-->src/main/AndroidManifest.xml:28:9-31:72
35            android:name="com.example.student.smartlighttest1.Scenarios"
35-->src/main/AndroidManifest.xml:29:13-38
36            android:screenOrientation="landscape"
36-->src/main/AndroidManifest.xml:30:13-50
37            android:theme="@style/Theme.AppCompat.Light.NoActionBar" />
37-->src/main/AndroidManifest.xml:31:13-69
38        <activity
38-->src/main/AndroidManifest.xml:32:9-41:20
39            android:name="com.example.student.smartlighttest1.MainActivity"
39-->src/main/AndroidManifest.xml:33:13-41
40            android:screenOrientation="landscape"
40-->src/main/AndroidManifest.xml:34:13-50
41            android:theme="@style/Theme.AppCompat.Light.NoActionBar" >
41-->src/main/AndroidManifest.xml:35:13-69
42            <intent-filter>
42-->src/main/AndroidManifest.xml:36:13-40:29
43                <action android:name="android.intent.action.MAIN" />
43-->src/main/AndroidManifest.xml:37:17-69
43-->src/main/AndroidManifest.xml:37:25-66
44
45                <category android:name="android.intent.category.LAUNCHER" />
45-->src/main/AndroidManifest.xml:39:17-77
45-->src/main/AndroidManifest.xml:39:27-74
46            </intent-filter>
47        </activity>
48    </application>
49
50</manifest>